{"ts":1706195424112,"action":"FILE_OPENED","file":"/README.md","tags":{"FILE_LINE_OF_CODE":"1"}}
{"ts":1706195424190,"action":"PROJECT_OPENED","tags":{"PROJECT_NAME":"HW4"}}
{"ts":1706195446963,"action":"FILE_CLOSED","file":"/README.md","tags":{"FILE_LINE_OF_CODE":"1"}}
{"ts":1706195446963,"action":"FILE_OPENED","file":"/.gitignore","tags":{"FILE_LINE_OF_CODE":"0"}}
{"ts":1706195467564,"action":"IDE_DEACTIVATED"}
{"ts":1706195532112,"action":"IDE_ACTIVATED"}
{"ts":1706195672282,"action":"IDE_DEACTIVATED"}
{"ts":1706195678400,"action":"IDE_ACTIVATED"}
{"ts":1706195789599,"action":"FILE_CLOSED","file":"/.gitignore","tags":{"FILE_LINE_OF_CODE":"0"}}
{"ts":1706195789599,"action":"FILE_OPENED","file":"/main.py","tags":{"FILE_LINE_OF_CODE":"0"}}
{"ts":1706195874782,"action":"IDE_DEACTIVATED"}
{"ts":1706195880165,"action":"IDE_ACTIVATED"}
{"ts":1706195995370,"action":"IDE_DEACTIVATED"}
{"ts":1706196069045,"action":"IDE_ACTIVATED"}
{"ts":1706196304267,"action":"FILE_CLOSED","file":"/main.py","tags":{"FILE_LINE_OF_CODE":"0"}}
{"ts":1706196304267,"action":"FILE_OPENED","file":"/README.md","tags":{"FILE_LINE_OF_CODE":"1"}}
{"ts":1706196305176,"action":"FILE_CLOSED","file":"/README.md","tags":{"FILE_LINE_OF_CODE":"1"}}
{"ts":1706196305181,"action":"FILE_OPENED","file":"/.gitignore","tags":{"FILE_LINE_OF_CODE":"0"}}
{"ts":1706196307116,"action":"FILE_CLOSED","file":"/.gitignore","tags":{"FILE_LINE_OF_CODE":"0"}}
{"ts":1706196307121,"action":"FILE_OPENED","file":"/main.py","tags":{"FILE_LINE_OF_CODE":"0"}}
